<?xml version="1.0" encoding="UTF-8"?>
<!-- Generated by org.testng.reporters.JUnitXMLReporter -->
<testsuite hostname="Mehuls-MacBook-Pro.local" name="Smoke Testcases" tests="2" failures="1" timestamp="6 Apr 2016 10:38:29 GMT" time="5.152" errors="0">
  <testcase name="cancelitinerary" time="5.135" classname="com.morningstar.test.SampleTest"/>
  <testcase name="LoginApp" time="0.001" classname="com.morningstar.test.SampleTest2">
    <failure type="org.testng.TestNGException" message="
The data provider is trying to pass 1 parameters but the method com.morningstar.test.SampleTest2#LoginApp takes 0">
      <![CDATA[org.testng.TestNGException: 
The data provider is trying to pass 1 parameters but the method com.morningstar.test.SampleTest2#LoginApp takes 0
... Removed 18 stack frames]]>
    </failure>
  </testcase> <!-- LoginApp -->
</testsuite> <!-- Smoke Testcases -->
